<?xml version="1.0" encoding="UTF-8"?>
<testng-results ignored="0" total="8" passed="8" failed="0" skipped="0">
  <reporter-output>
  </reporter-output>
  <suite started-at="2023-07-30T19:32:40 IST" name="SDET" finished-at="2023-07-30T19:33:25 IST" duration-ms="45527">
    <groups>
    </groups>
    <test started-at="2023-07-30T19:32:40 IST" name="Automation" finished-at="2023-07-30T19:33:25 IST" duration-ms="45527">
      <class name="sdet.TestNG1">
        <test-method signature="setup(java.lang.String)[pri:1, instance:sdet.TestNG1@25fb8912]" started-at="2023-07-30T19:32:46 IST" name="setup" finished-at="2023-07-30T19:32:50 IST" duration-ms="3511" status="PASS">
          <params>
            <param index="0">
              <value>
                <![CDATA[Chrome]]>
              </value>
            </param>
          </params>
          <reporter-output>
          </reporter-output>
        </test-method> <!-- setup -->
        <test-method signature="launchAppln()[pri:2, instance:sdet.TestNG1@25fb8912]" started-at="2023-07-30T19:32:50 IST" name="launchAppln" finished-at="2023-07-30T19:32:54 IST" duration-ms="4497" status="PASS">
          <reporter-output>
          </reporter-output>
        </test-method> <!-- launchAppln -->
        <test-method signature="logo()[pri:3, instance:sdet.TestNG1@25fb8912]" started-at="2023-07-30T19:32:54 IST" name="logo" finished-at="2023-07-30T19:32:57 IST" duration-ms="2821" status="PASS">
          <reporter-output>
          </reporter-output>
        </test-method> <!-- logo -->
        <test-method signature="tearDown()[pri:4, instance:sdet.TestNG1@25fb8912]" started-at="2023-07-30T19:32:57 IST" name="tearDown" finished-at="2023-07-30T19:32:57 IST" duration-ms="364" status="PASS">
          <reporter-output>
          </reporter-output>
        </test-method> <!-- tearDown -->
      </class> <!-- sdet.TestNG1 -->
      <class name="sdet.TestNG2">
        <test-method is-config="true" signature="setup(java.lang.String)[pri:0, instance:sdet.TestNG2@2dc54ad4]" started-at="2023-07-30T19:32:40 IST" name="setup" finished-at="2023-07-30T19:32:46 IST" duration-ms="6311" status="PASS">
          <params>
            <param index="0">
              <value>
                <![CDATA[Chrome]]>
              </value>
            </param>
          </params>
          <reporter-output>
          </reporter-output>
        </test-method> <!-- setup -->
        <test-method signature="launch(java.lang.String)[pri:1, instance:sdet.TestNG2@2dc54ad4]" started-at="2023-07-30T19:32:57 IST" name="launch" finished-at="2023-07-30T19:33:02 IST" duration-ms="4167" status="PASS">
          <params>
            <param index="0">
              <value>
                <![CDATA[https://www.automationanywhere.com/]]>
              </value>
            </param>
          </params>
          <reporter-output>
          </reporter-output>
        </test-method> <!-- launch -->
        <test-method signature="verify()[pri:2, instance:sdet.TestNG2@2dc54ad4]" started-at="2023-07-30T19:33:02 IST" name="verify" finished-at="2023-07-30T19:33:12 IST" duration-ms="10127" status="PASS">
          <reporter-output>
          </reporter-output>
        </test-method> <!-- verify -->
        <test-method signature="verifyPages()[pri:3, instance:sdet.TestNG2@2dc54ad4]" started-at="2023-07-30T19:33:12 IST" name="verifyPages" finished-at="2023-07-30T19:33:21 IST" duration-ms="8957" status="PASS">
          <reporter-output>
          </reporter-output>
        </test-method> <!-- verifyPages -->
        <test-method signature="verifyPage()[pri:4, instance:sdet.TestNG2@2dc54ad4]" started-at="2023-07-30T19:33:21 IST" name="verifyPage" finished-at="2023-07-30T19:33:25 IST" duration-ms="4323" status="PASS">
          <reporter-output>
          </reporter-output>
        </test-method> <!-- verifyPage -->
        <test-method is-config="true" signature="tearDown()[pri:0, instance:sdet.TestNG2@2dc54ad4]" started-at="2023-07-30T19:33:25 IST" name="tearDown" finished-at="2023-07-30T19:33:25 IST" duration-ms="328" status="PASS">
          <reporter-output>
          </reporter-output>
        </test-method> <!-- tearDown -->
      </class> <!-- sdet.TestNG2 -->
    </test> <!-- Automation -->
  </suite> <!-- SDET -->
</testng-results>
