<?xml version="1.0" encoding="UTF-8"?>
<!-- Generated by org.testng.reporters.JUnitXMLReporter -->
<testsuite ignored="0" hostname="LAPTOP-OUOUA5RD" failures="0" tests="8" name="Automation" time="45.527" errors="0" timestamp="2023-07-30T19:33:25 IST">
  <testcase classname="sdet.TestNG1" name="setup" time="3.511"/>
  <testcase classname="sdet.TestNG1" name="launchAppln" time="4.497"/>
  <testcase classname="sdet.TestNG1" name="logo" time="2.821"/>
  <testcase classname="sdet.TestNG1" name="tearDown" time="0.364"/>
  <testcase classname="sdet.TestNG2" name="launch" time="4.167"/>
  <testcase classname="sdet.TestNG2" name="verify" time="10.127"/>
  <testcase classname="sdet.TestNG2" name="verifyPages" time="8.957"/>
  <testcase classname="sdet.TestNG2" name="verifyPage" time="4.323"/>
</testsuite> <!-- Automation -->
